# JRE version: Java(TM) SE Runtime Environment (22.0.2+9) (build 22.0.2+9-70)
# Java VM: Java HotSpot(TM) 64-Bit Server VM (22.0.2+9-70, mixed mode, sharing, tiered, compressed oops, compressed class ptrs, g1 gc, windows-amd64)
GC Precious Log:
 CardTable entry size: 512
 Card Set container configuration: InlinePtr #cards 4 size 8 Array Of Cards #cards 32 size 80 Howl #buckets 8 coarsen threshold 7372 Howl Bitmap #cards 1024 size 144 coarsen threshold 921 Card regions per heap region 1 cards per card region 8192
 CPUs: 8 total, 8 available
 Memory: 20360M
 Large Page Support: Disabled
 NUMA Support: Disabled
 Compressed Oops: Enabled (Zero based)
 Heap Region Size: 4M
 Heap Min Capacity: 8M
 Heap Initial Capacity: 320M
 Heap Max Capacity: 5092M
 Pre-touch: Disabled
 Parallel Workers: 8
 Concurrent Workers: 2
 Concurrent Refinement Workers: 8
 Periodic GC: Disabled
Heap:
 garbage-first heap   total reserved 5214208K, committed 200704K, used 53319K [0x00000006c1c00000, 0x0000000800000000)
  region size 4096K, 5 young (20480K), 4 survivors (16384K)
 Metaspace       used 67851K, committed 68672K, reserved 1114112K
  class space    used 9190K, committed 9536K, reserved 1048576K
GC Heap History (20 events):
Event: 2.566 GC heap before
{Heap before GC invocations=4 (full 0):
 garbage-first heap   total reserved 5214208K, committed 57344K, used 54721K [0x00000006c1c00000, 0x0000000800000000)
  region size 4096K, 12 young (49152K), 2 survivors (8192K)
 Metaspace       used 25883K, committed 26240K, reserved 1114112K
  class space    used 3220K, committed 3392K, reserved 1048576K
}
Event: 2.573 GC heap after
{Heap after GC invocations=5 (full 0):
 garbage-first heap   total reserved 5214208K, committed 69632K, used 16921K [0x00000006c1c00000, 0x0000000800000000)
  region size 4096K, 3 young (12288K), 3 survivors (12288K)
 Metaspace       used 25883K, committed 26240K, reserved 1114112K
  class space    used 3220K, committed 3392K, reserved 1048576K
}
Event: 3.050 GC heap before
{Heap before GC invocations=5 (full 0):
 garbage-first heap   total reserved 5214208K, committed 69632K, used 45593K [0x00000006c1c00000, 0x0000000800000000)
  region size 4096K, 10 young (40960K), 3 survivors (12288K)
 Metaspace       used 30659K, committed 31168K, reserved 1114112K
  class space    used 3883K, committed 4096K, reserved 1048576K
}
Event: 3.057 GC heap after
{Heap after GC invocations=6 (full 0):
 garbage-first heap   total reserved 5214208K, committed 69632K, used 19642K [0x00000006c1c00000, 0x0000000800000000)
  region size 4096K, 2 young (8192K), 2 survivors (8192K)
 Metaspace       used 30659K, committed 31168K, reserved 1114112K
  class space    used 3883K, committed 4096K, reserved 1048576K
}
Event: 3.267 GC heap before
{Heap before GC invocations=6 (full 0):
 garbage-first heap   total reserved 5214208K, committed 69632K, used 48314K [0x00000006c1c00000, 0x0000000800000000)
  region size 4096K, 9 young (36864K), 2 survivors (8192K)
 Metaspace       used 32694K, committed 33216K, reserved 1114112K
  class space    used 4106K, committed 4352K, reserved 1048576K
}
Event: 3.272 GC heap after
{Heap after GC invocations=7 (full 0):
 garbage-first heap   total reserved 5214208K, committed 69632K, used 23175K [0x00000006c1c00000, 0x0000000800000000)
  region size 4096K, 2 young (8192K), 2 survivors (8192K)
 Metaspace       used 32694K, committed 33216K, reserved 1114112K
  class space    used 4106K, committed 4352K, reserved 1048576K
}
Event: 3.445 GC heap before
{Heap before GC invocations=7 (full 0):
 garbage-first heap   total reserved 5214208K, committed 69632K, used 31367K [0x00000006c1c00000, 0x0000000800000000)
  region size 4096K, 5 young (20480K), 2 survivors (8192K)
 Metaspace       used 35530K, committed 35968K, reserved 1114112K
  class space    used 4407K, committed 4608K, reserved 1048576K
}
Event: 3.449 GC heap after
{Heap after GC invocations=8 (full 0):
 garbage-first heap   total reserved 5214208K, committed 69632K, used 24804K [0x00000006c1c00000, 0x0000000800000000)
  region size 4096K, 2 young (8192K), 2 survivors (8192K)
 Metaspace       used 35530K, committed 35968K, reserved 1114112K
  class space    used 4407K, committed 4608K, reserved 1048576K
}
Event: 3.960 GC heap before
{Heap before GC invocations=9 (full 0):
 garbage-first heap   total reserved 5214208K, committed 69632K, used 53476K [0x00000006c1c00000, 0x0000000800000000)
  region size 4096K, 9 young (36864K), 2 survivors (8192K)
 Metaspace       used 43070K, committed 43584K, reserved 1114112K
  class space    used 5457K, committed 5696K, reserved 1048576K
}
Event: 3.964 GC heap after
{Heap after GC invocations=10 (full 0):
 garbage-first heap   total reserved 5214208K, committed 69632K, used 26581K [0x00000006c1c00000, 0x0000000800000000)
  region size 4096K, 1 young (4096K), 1 survivors (4096K)
 Metaspace       used 43070K, committed 43584K, reserved 1114112K
  class space    used 5457K, committed 5696K, reserved 1048576K
}
Event: 4.629 GC heap before
{Heap before GC invocations=10 (full 0):
 garbage-first heap   total reserved 5214208K, committed 69632K, used 55253K [0x00000006c1c00000, 0x0000000800000000)
  region size 4096K, 8 young (32768K), 1 survivors (4096K)
 Metaspace       used 49661K, committed 50304K, reserved 1114112K
  class space    used 6506K, committed 6784K, reserved 1048576K
}
Event: 4.633 GC heap after
{Heap after GC invocations=11 (full 0):
 garbage-first heap   total reserved 5214208K, committed 69632K, used 27770K [0x00000006c1c00000, 0x0000000800000000)
  region size 4096K, 1 young (4096K), 1 survivors (4096K)
 Metaspace       used 49661K, committed 50304K, reserved 1114112K
  class space    used 6506K, committed 6784K, reserved 1048576K
}
Event: 5.091 GC heap before
{Heap before GC invocations=11 (full 0):
 garbage-first heap   total reserved 5214208K, committed 69632K, used 56442K [0x00000006c1c00000, 0x0000000800000000)
  region size 4096K, 8 young (32768K), 1 survivors (4096K)
 Metaspace       used 58544K, committed 59200K, reserved 1114112K
  class space    used 7911K, committed 8192K, reserved 1048576K
}
Event: 5.095 GC heap after
{Heap after GC invocations=12 (full 0):
 garbage-first heap   total reserved 5214208K, committed 69632K, used 29455K [0x00000006c1c00000, 0x0000000800000000)
  region size 4096K, 1 young (4096K), 1 survivors (4096K)
 Metaspace       used 58544K, committed 59200K, reserved 1114112K
  class space    used 7911K, committed 8192K, reserved 1048576K
}
Event: 5.160 GC heap before
{Heap before GC invocations=12 (full 0):
 garbage-first heap   total reserved 5214208K, committed 69632K, used 33551K [0x00000006c1c00000, 0x0000000800000000)
  region size 4096K, 3 young (12288K), 1 survivors (4096K)
 Metaspace       used 59810K, committed 60480K, reserved 1114112K
  class space    used 8128K, committed 8448K, reserved 1048576K
}
Event: 5.163 GC heap after
{Heap after GC invocations=13 (full 0):
 garbage-first heap   total reserved 5214208K, committed 69632K, used 29696K [0x00000006c1c00000, 0x0000000800000000)
  region size 4096K, 1 young (4096K), 1 survivors (4096K)
 Metaspace       used 59810K, committed 60480K, reserved 1114112K
  class space    used 8128K, committed 8448K, reserved 1048576K
}
Event: 5.661 GC heap before
{Heap before GC invocations=14 (full 0):
 garbage-first heap   total reserved 5214208K, committed 69632K, used 58368K [0x00000006c1c00000, 0x0000000800000000)
  region size 4096K, 8 young (32768K), 1 survivors (4096K)
 Metaspace       used 64433K, committed 65152K, reserved 1114112K
  class space    used 8796K, committed 9088K, reserved 1048576K
}
Event: 5.665 GC heap after
{Heap after GC invocations=15 (full 0):
 garbage-first heap   total reserved 5214208K, committed 200704K, used 32285K [0x00000006c1c00000, 0x0000000800000000)
  region size 4096K, 1 young (4096K), 1 survivors (4096K)
 Metaspace       used 64433K, committed 65152K, reserved 1114112K
  class space    used 8796K, committed 9088K, reserved 1048576K
}
Event: 6.339 GC heap before
{Heap before GC invocations=15 (full 0):
 garbage-first heap   total reserved 5214208K, committed 200704K, used 146973K [0x00000006c1c00000, 0x0000000800000000)
  region size 4096K, 29 young (118784K), 1 survivors (4096K)
 Metaspace       used 67676K, committed 68352K, reserved 1114112K
  class space    used 9186K, committed 9472K, reserved 1048576K
}
Event: 6.358 GC heap after
{Heap after GC invocations=16 (full 0):
 garbage-first heap   total reserved 5214208K, committed 200704K, used 44963K [0x00000006c1c00000, 0x0000000800000000)
  region size 4096K, 4 young (16384K), 4 survivors (16384K)
 Metaspace       used 67676K, committed 68352K, reserved 1114112K
  class space    used 9186K, committed 9472K, reserved 1048576K
}

